<?xml version="1.0" encoding="UTF-8"?>
<testsuite name="com.telran.contacts.tests.LoginTests" tests="1" skipped="0" failures="0" errors="0" timestamp="2022-02-22T14:51:58" hostname="LENA" time="1.204">
  <properties/>
  <testcase name="loginRegisteredUserPositiveTest" classname="com.telran.contacts.tests.LoginTests" time="1.204"/>
  <system-out><![CDATA[]]></system-out>
  <system-err><![CDATA[Starting ChromeDriver 97.0.4692.71 (adefa7837d02a07a604c1e6eff0b3a09422ab88d-refs/branch-heads/4692@{#1247}) on port 40945
Only local connections are allowed.
Please see https://chromedriver.chromium.org/security-considerations for suggestions on keeping ChromeDriver safe.
ChromeDriver was started successfully.
[1645541505.932][WARNING]: This version of ChromeDriver has not been tested with Chrome version 98.
????. 22, 2022 3:51:45 PM org.openqa.selenium.remote.ProtocolHandshake createSession
INFO: Detected dialect: W3C
Starting ChromeDriver 97.0.4692.71 (adefa7837d02a07a604c1e6eff0b3a09422ab88d-refs/branch-heads/4692@{#1247}) on port 8078
Only local connections are allowed.
Please see https://chromedriver.chromium.org/security-considerations for suggestions on keeping ChromeDriver safe.
ChromeDriver was started successfully.
[1645541507.407][WARNING]: This version of ChromeDriver has not been tested with Chrome version 98.
????. 22, 2022 3:51:47 PM org.openqa.selenium.remote.ProtocolHandshake createSession
INFO: Detected dialect: W3C
]]></system-err>
</testsuite>
